2017-07-21 23:08:09 - PHP Warning:  mkdir(): Permission denied in /var/www/html/upload/system/storage/modification/admin/controller/extension/installer.php on line 276
2017-07-21 23:08:09 - PHP Warning:  copy(/var/www/html/upload/admin//language/english/tool/export_import.php): failed to open stream: No such file or directory in /var/www/html/upload/system/storage/modification/admin/controller/extension/installer.php on line 283
2017-07-21 23:58:45 - PHP Notice:  Undefined index: USD in /var/www/html/upload/system/library/cart/currency.php on line 25
2017-07-21 23:58:45 - PHP Notice:  Undefined index: USD in /var/www/html/upload/system/library/cart/currency.php on line 26
2017-07-21 23:58:45 - PHP Notice:  Undefined index: USD in /var/www/html/upload/system/library/cart/currency.php on line 27
2017-07-21 23:58:45 - PHP Notice:  Undefined index: USD in /var/www/html/upload/system/library/cart/currency.php on line 30
2017-07-21 23:58:45 - PHP Notice:  Undefined index: USD in /var/www/html/upload/system/library/cart/currency.php on line 25
2017-07-21 23:58:45 - PHP Notice:  Undefined index: USD in /var/www/html/upload/system/library/cart/currency.php on line 26
2017-07-21 23:58:45 - PHP Notice:  Undefined index: USD in /var/www/html/upload/system/library/cart/currency.php on line 27
2017-07-21 23:58:45 - PHP Notice:  Undefined index: USD in /var/www/html/upload/system/library/cart/currency.php on line 30
2017-07-21 23:58:45 - PHP Notice:  Undefined index: USD in /var/www/html/upload/system/library/cart/currency.php on line 25
2017-07-21 23:58:45 - PHP Notice:  Undefined index: USD in /var/www/html/upload/system/library/cart/currency.php on line 26
2017-07-21 23:58:45 - PHP Notice:  Undefined index: USD in /var/www/html/upload/system/library/cart/currency.php on line 27
2017-07-21 23:58:45 - PHP Notice:  Undefined index: USD in /var/www/html/upload/system/library/cart/currency.php on line 30
2017-07-21 23:58:46 - PHP Notice:  Undefined index: USD in /var/www/html/upload/system/library/cart/currency.php on line 25
2017-07-21 23:58:46 - PHP Notice:  Undefined index: USD in /var/www/html/upload/system/library/cart/currency.php on line 26
2017-07-21 23:58:46 - PHP Notice:  Undefined index: USD in /var/www/html/upload/system/library/cart/currency.php on line 27
2017-07-21 23:58:46 - PHP Notice:  Undefined index: USD in /var/www/html/upload/system/library/cart/currency.php on line 30
2017-07-21 23:58:46 - PHP Notice:  Undefined index: USD in /var/www/html/upload/system/library/cart/currency.php on line 25
2017-07-21 23:58:46 - PHP Notice:  Undefined index: USD in /var/www/html/upload/system/library/cart/currency.php on line 26
2017-07-21 23:58:46 - PHP Notice:  Undefined index: USD in /var/www/html/upload/system/library/cart/currency.php on line 27
2017-07-21 23:58:46 - PHP Notice:  Undefined index: USD in /var/www/html/upload/system/library/cart/currency.php on line 30
2017-07-21 23:58:46 - PHP Notice:  Undefined index: USD in /var/www/html/upload/system/library/cart/currency.php on line 25
2017-07-21 23:58:46 - PHP Notice:  Undefined index: USD in /var/www/html/upload/system/library/cart/currency.php on line 26
2017-07-21 23:58:46 - PHP Notice:  Undefined index: USD in /var/www/html/upload/system/library/cart/currency.php on line 27
2017-07-21 23:58:46 - PHP Notice:  Undefined index: USD in /var/www/html/upload/system/library/cart/currency.php on line 30
2017-07-23 9:27:44 - Cannot find controller class file for route 'journal2/assets/css'
2017-07-23 9:47:01 - Export/Import: Missing product_ids in worksheet 'Products'!
2017-07-23 9:47:27 - Export/Import: Missing product_ids in worksheet 'Products'!
2017-07-23 9:49:58 - Export/Import: Missing product_ids in worksheet 'Products'!
2017-07-23 9:50:11 - Export/Import: Missing product_ids in worksheet 'Products'!
2017-07-23 10:47:21 - Cannot find controller class file for route 'extension/payment/latipay'
2017-07-23 10:47:39 - Cannot find controller class file for route 'extension/payment/latipay'
2017-07-23 10:53:35 - Cannot find controller class file for route 'extension/payment/latipay'
2017-07-23 10:54:29 - Cannot find controller class file for route 'extension/payment/latipay'
2017-07-23 13:07:36 - Cannot find controller class file for route 'extension/payment/latipay'
2017-07-23 13:08:23 - Cannot find controller class file for route 'extension/payment/latipay'
2017-07-23 13:10:12 - Cannot find controller class file for route 'extension/payment/latipay'
2017-07-23 13:12:06 - Cannot find controller class file for route 'extension/payment/latipay'
2017-07-23 13:12:26 - Cannot find controller class file for route 'extension/payment/latipay'
2017-07-23 13:14:58 - Cannot find controller class file for route 'extension/payment/latipay'
2017-07-23 13:16:50 - Cannot find controller class file for route 'extension/payment/latipay'
2017-07-23 13:17:34 - Cannot find controller class file for route 'extension/payment/latipay'
2017-07-23 17:36:42 - Cannot find controller class file for route 'journal2/quickview'
2017-07-23 22:11:39 - Cannot find controller class file for route 'journal2/quickview'
2017-07-23 22:11:40 - Cannot find controller class file for route 'journal2/quickview'
2017-07-23 22:37:25 - Cannot find controller class file for route 'journal2/quickview'
2017-07-24 4:45:15 - Cannot find controller class file for route 'journal2/quickview'
2017-07-24 5:35:46 - Cannot find controller class file for route 'journal2/quickview'
2017-07-24 5:45:44 - Cannot find controller class file for route 'journal2/quickview'
2017-07-24 5:56:05 - Cannot find controller class file for route 'journal2/quickview'
2017-07-24 6:36:56 - Cannot find controller class file for route 'journal2/quickview'
2017-07-24 8:33:24 - Cannot find controller class file for route 'journal2/quickview'
2017-07-24 8:43:34 - Cannot find controller class file for route 'journal2/quickview'
2017-07-24 9:35:26 - Cannot find controller class file for route 'journal2/assets/css'
2017-07-24 10:59:26 - Cannot find controller class file for route 'journal2/quickview'
2017-07-24 12:40:15 - Cannot find controller class file for route 'journal2/quickview'
2017-07-24 14:52:05 - Cannot find controller class file for route 'journal2/quickview'
2017-07-24 17:19:25 - Cannot find controller class file for route 'journal2/quickview'
2017-07-24 17:34:45 - Cannot find controller class file for route 'journal2/quickview'
2017-07-24 22:19:37 - Cannot find controller class file for route 'journal2/quickview'
2017-07-25 5:49:46 - Cannot find controller class file for route 'journal2/quickview'
2017-07-25 7:09:15 - Cannot find controller class file for route 'journal2/quickview'
2017-07-25 9:39:07 - Cannot find controller class file for route 'journal2/assets/css'
2017-07-26 2:47:17 - Cannot find controller class file for route 'journal2/quickview'
2017-07-26 2:47:48 - Cannot find controller class file for route 'journal2/quickview'
2017-07-26 2:47:48 - Cannot find controller class file for route 'journal2/quickview'
2017-07-26 2:52:00 - Cannot find controller class file for route 'journal2/quickview'
2017-07-26 2:56:05 - Cannot find controller class file for route 'journal2/quickview'
2017-07-26 2:57:55 - Cannot find controller class file for route 'journal2/quickview'
2017-07-26 2:58:47 - Cannot find controller class file for route 'journal2/quickview'
2017-07-26 3:03:26 - Cannot find controller class file for route 'journal2/quickview'
2017-07-26 3:05:51 - Cannot find controller class file for route 'journal2/quickview'
2017-07-26 3:06:32 - Cannot find controller class file for route 'journal2/quickview'
2017-07-26 3:07:18 - Cannot find controller class file for route 'journal2/quickview'
2017-07-26 3:08:02 - Cannot find controller class file for route 'journal2/quickview'
2017-07-26 3:08:25 - Cannot find controller class file for route 'journal2/quickview'
2017-07-26 3:08:47 - Cannot find controller class file for route 'journal2/quickview'
2017-07-26 3:15:37 - Cannot find controller class file for route 'journal2/quickview'
2017-07-26 3:20:29 - Cannot find controller class file for route 'journal2/quickview'
2017-07-26 3:23:59 - Cannot find controller class file for route 'journal2/quickview'
2017-07-26 3:26:40 - Cannot find controller class file for route 'journal2/quickview'
2017-07-26 3:32:09 - Cannot find controller class file for route 'journal2/quickview'
2017-07-26 3:33:08 - Cannot find controller class file for route 'journal2/quickview'
2017-07-26 3:34:06 - Cannot find controller class file for route 'journal2/quickview'
2017-07-26 3:35:05 - Cannot find controller class file for route 'journal2/quickview'
2017-07-26 3:36:03 - Cannot find controller class file for route 'journal2/quickview'
2017-07-26 3:37:01 - Cannot find controller class file for route 'journal2/quickview'
2017-07-26 3:38:00 - Cannot find controller class file for route 'journal2/quickview'
2017-07-26 3:39:57 - Cannot find controller class file for route 'journal2/quickview'
2017-07-26 3:40:55 - Cannot find controller class file for route 'journal2/quickview'
2017-07-26 3:41:53 - Cannot find controller class file for route 'journal2/quickview'
2017-07-26 3:42:52 - Cannot find controller class file for route 'journal2/quickview'
2017-07-26 3:46:45 - Cannot find controller class file for route 'journal2/quickview'
2017-07-26 3:47:43 - Cannot find controller class file for route 'journal2/quickview'
2017-07-26 3:48:42 - Cannot find controller class file for route 'journal2/quickview'
2017-07-26 3:51:57 - Cannot find controller class file for route 'journal2/quickview'
2017-07-26 4:06:48 - Cannot find controller class file for route 'journal2/quickview'
2017-07-26 4:18:51 - Cannot find controller class file for route 'journal2/quickview'
2017-07-26 4:19:50 - Cannot find controller class file for route 'journal2/quickview'
2017-07-26 4:22:45 - Cannot find controller class file for route 'journal2/quickview'
2017-07-26 4:23:44 - Cannot find controller class file for route 'journal2/quickview'
2017-07-26 4:24:42 - Cannot find controller class file for route 'journal2/quickview'
2017-07-26 4:25:40 - Cannot find controller class file for route 'journal2/quickview'
2017-07-26 4:27:37 - Cannot find controller class file for route 'journal2/quickview'
2017-07-26 4:28:35 - Cannot find controller class file for route 'journal2/quickview'
2017-07-26 4:30:32 - Cannot find controller class file for route 'journal2/quickview'
2017-07-26 4:31:30 - Cannot find controller class file for route 'journal2/quickview'
2017-07-26 4:33:27 - Cannot find controller class file for route 'journal2/quickview'
2017-07-26 4:35:24 - Cannot find controller class file for route 'journal2/quickview'
2017-07-26 4:39:17 - Cannot find controller class file for route 'journal2/quickview'
2017-07-26 4:42:13 - Cannot find controller class file for route 'journal2/quickview'
2017-07-26 4:43:11 - Cannot find controller class file for route 'journal2/quickview'
2017-07-26 4:45:08 - Cannot find controller class file for route 'journal2/quickview'
2017-07-26 4:46:06 - Cannot find controller class file for route 'journal2/quickview'
2017-07-26 4:48:03 - Cannot find controller class file for route 'journal2/quickview'
2017-07-26 5:02:39 - Cannot find controller class file for route 'journal2/quickview'
2017-07-26 5:04:35 - Cannot find controller class file for route 'journal2/quickview'
2017-07-26 5:06:32 - Cannot find controller class file for route 'journal2/quickview'
2017-07-26 5:11:24 - Cannot find controller class file for route 'journal2/quickview'
2017-07-26 5:15:17 - Cannot find controller class file for route 'journal2/quickview'
2017-07-26 5:31:50 - Cannot find controller class file for route 'journal2/quickview'
2017-07-26 9:39:53 - Cannot find controller class file for route 'journal2/assets/css'
2017-07-26 15:31:13 - Cannot find controller class file for route 'journal2/quickview'
2017-07-27 9:51:26 - Cannot find controller class file for route 'journal2/assets/css'
2017-07-27 10:14:02 - Cannot find controller class file for route 'journal2/assets/css'
